PRT1
14
26
4 0 2 (3968 0 -1024 ) (3968 0 -128 ) (3072 0 -128 ) (3072 0 -1024 ) 
4 0 1 (3072 0 -1024 ) (3072 0 -128 ) (3072 1024 -128 ) (3072 1024 -1024 ) 
4 1 4 (2048 0 -1024 ) (2048 0 -128 ) (2048 1024 -128 ) (2048 1024 -1024 ) 
4 1 3 (3072 0 -1024 ) (3072 0 -128 ) (2048 0 -128 ) (2048 0 -1024 ) 
4 2 3 (3072 0 -128 ) (3072 0 -1024 ) (3072 -1024 -1024 ) (3072 -1024 -128 ) 
4 3 11 (2048 -1024 -1024 ) (2048 -1024 -128 ) (2048 0 -128 ) (2048 0 -1024 ) 
4 4 11 (2048 0 -1024 ) (2048 0 -128 ) (1024 0 -128 ) (1024 0 -1024 ) 
4 4 5 (1024 0 -1024 ) (1024 0 -128 ) (1024 1024 -128 ) (1024 1024 -1024 ) 
4 5 12 (1024 0 -1024 ) (1024 0 -128 ) (0 0 -128 ) (0 0 -1024 ) 
4 5 8 (0 0 -258.468994 ) (0 0 -185.874512 ) (0 1024 -372.649384 ) (0 1024 -445.198303 ) 
4 5 7 (0 0 -1024 ) (0 0 -258.468994 ) (0 1024 -445.198303 ) (0 1024 -1024 ) 
4 5 6 (0 0 -185.874512 ) (0 0 -128 ) (0 1024 -128 ) (0 1024 -372.649384 ) 
5 6 13 (0 0 -185.874512 ) (0 0 -128 ) (-896 0 -128 ) (-896 0 -1024 ) (-842.048462 0 -1024 ) 
4 6 10 (-842.049683 0 -1024 ) (-693.384277 811.265991 -1024 ) (-658.315186 804.540039 -987.867615 ) (-809.157410 0 -991.261047 ) 
4 6 9 (-686.895020 846.677856 -1024 ) (-654.400513 1024 -1024 ) (-617.168884 1024 -986.941956 ) (-651.681030 839.924194 -987.718384 ) 
4 6 8 (-617.168884 1024 -986.941956 ) (0 1024 -372.649841 ) (0 0 -185.875366 ) (-809.157410 0 -991.261047 ) 
3 7 13 (0 0 -1024 ) (0 0 -258.468994 ) (-769.114014 0 -1024 ) 
3 7 10 (-622.908752 798.052063 -1024 ) (-635.080811 731.613037 -1024 ) (-622.635559 798 -1023.718567 ) 
4 7 9 (-581.513672 1024 -1024 ) (-616.420776 833.465698 -1024 ) (-616.001953 833.385376 -1023.568542 ) (-580.268188 1024 -1022.760376 ) 
5 7 8 (-635.080811 731.613037 -1024 ) (-769.116821 0 -1024 ) (0 0 -258.467834 ) (0 1024 -445.196686 ) (-580.268188 1024 -1022.760376 ) 
5 8 13 (0 0 -258.468994 ) (0 0 -185.874512 ) (-809.156738 0 -991.261536 ) (-775.429077 0 -1024 ) (-769.114014 0 -1024 ) 
5 8 10 (-809.157532 0 -991.262573 ) (-658.315308 804.540161 -987.869080 ) (-622.635559 798 -1023.721741 ) (-634.939453 732.367188 -1024 ) (-775.432373 0 -1024 ) 
4 8 9 (-651.681213 839.924194 -987.719849 ) (-617.169067 1024 -986.943420 ) (-580.268188 1024 -1022.763489 ) (-616.001953 833.385376 -1023.571716 ) 
3 10 13 (-809.156738 0 -991.261536 ) (-842.048462 0 -1024 ) (-775.429077 0 -1024 ) 
4 11 12 (1024 0 -128 ) (1024 0 -1024 ) (1024 -1024 -1024 ) (1024 -1024 -128 ) 
4 12 13 (0 0 -128 ) (0 0 -1024 ) (0 -1024 -1024 ) (0 -1024 -128 ) 
